[31-Jan-2025 13:10:46 UTC] AJAX get_lifecycle_partial called
[31-Jan-2025 13:10:46 UTC] POST data: Array
(
    [action] => get_lifecycle_partial
    [partial] => container
    [status] => wc-pending
    [order_id] => 146
    [nonce] => 840a551953
)

[31-Jan-2025 13:10:46 UTC] LifecycleController::getPartial called
[31-Jan-2025 13:10:46 UTC] Data: Array
(
    [action] => get_lifecycle_partial
    [partial] => container
    [status] => wc-pending
    [order_id] => 146
    [nonce] => 840a551953
)

[31-Jan-2025 13:10:46 UTC] Template path: partials/container-pending.twig
[31-Jan-2025 13:10:46 UTC] PHP Fatal error:  Uncaught Error: Call to undefined method Timber\Timber::template_exists() in /Users/danielsnell/Local Sites/projects/clean-theme/app/public/wp-content/plugins/lifecycle/includes/controllers/LifecycleController.php:35
Stack trace:
#0 /Users/danielsnell/Local Sites/projects/clean-theme/app/public/wp-content/plugins/lifecycle/includes/class-woo-lifecycle-manager.php(49): LifecycleController->getPartial(Array)
#1 /Users/danielsnell/Local Sites/projects/clean-theme/app/public/wp-includes/class-wp-hook.php(324): Woo_Lifecycle_Manager->ajax_get_lifecycle_partial('')
#2 /Users/danielsnell/Local Sites/projects/clean-theme/app/public/wp-includes/class-wp-hook.php(348): WP_Hook->apply_filters('', Array)
#3 /Users/danielsnell/Local Sites/projects/clean-theme/app/public/wp-includes/plugin.php(517): WP_Hook->do_action(Array)
#4 /Users/danielsnell/Local Sites/projects/clean-theme/app/public/wp-admin/admin-ajax.php(192): do_action('wp_ajax_get_lif...')
#5 {main}
  thrown in /Users/danielsnell/Local Sites/projects/clean-theme/app/public/wp-content/plugins/lifecycle/includes/controllers/LifecycleController.php on line 35
[31-Jan-2025 13:12:04 UTC] AJAX get_lifecycle_partial called
[31-Jan-2025 13:12:04 UTC] POST data: Array
(
    [action] => get_lifecycle_partial
    [partial] => container
    [status] => wc-pending
    [order_id] => 146
    [nonce] => 840a551953
)

[31-Jan-2025 13:12:04 UTC] LifecycleController::getPartial called
[31-Jan-2025 13:12:04 UTC] Data: Array
(
    [action] => get_lifecycle_partial
    [partial] => container
    [status] => wc-pending
    [order_id] => 146
    [nonce] => 840a551953
)

[31-Jan-2025 13:12:04 UTC] Template path: partials/container-pending.twig
[31-Jan-2025 13:12:04 UTC] PHP Fatal error:  Uncaught Error: Call to undefined method Timber\Loader::template_exists() in /Users/danielsnell/Local Sites/projects/clean-theme/app/public/wp-content/plugins/lifecycle/includes/controllers/LifecycleController.php:37
Stack trace:
#0 /Users/danielsnell/Local Sites/projects/clean-theme/app/public/wp-content/plugins/lifecycle/includes/class-woo-lifecycle-manager.php(49): LifecycleController->getPartial(Array)
#1 /Users/danielsnell/Local Sites/projects/clean-theme/app/public/wp-includes/class-wp-hook.php(324): Woo_Lifecycle_Manager->ajax_get_lifecycle_partial('')
#2 /Users/danielsnell/Local Sites/projects/clean-theme/app/public/wp-includes/class-wp-hook.php(348): WP_Hook->apply_filters('', Array)
#3 /Users/danielsnell/Local Sites/projects/clean-theme/app/public/wp-includes/plugin.php(517): WP_Hook->do_action(Array)
#4 /Users/danielsnell/Local Sites/projects/clean-theme/app/public/wp-admin/admin-ajax.php(192): do_action('wp_ajax_get_lif...')
#5 {main}
  thrown in /Users/danielsnell/Local Sites/projects/clean-theme/app/public/wp-content/plugins/lifecycle/includes/controllers/LifecycleController.php on line 37
[31-Jan-2025 13:13:49 UTC] AJAX get_lifecycle_partial called
[31-Jan-2025 13:13:49 UTC] POST data: Array
(
    [action] => get_lifecycle_partial
    [partial] => container
    [status] => wc-pending
    [order_id] => 146
    [nonce] => 840a551953
)

[31-Jan-2025 13:13:49 UTC] LifecycleController::getPartial called
[31-Jan-2025 13:13:49 UTC] Data: Array
(
    [action] => get_lifecycle_partial
    [partial] => container
    [status] => wc-pending
    [order_id] => 146
    [nonce] => 840a551953
)

[31-Jan-2025 13:13:49 UTC] Template path: container-pending.twig
[31-Jan-2025 13:13:49 UTC] Template compiled successfully
[31-Jan-2025 13:16:06 UTC] PHP Fatal error:  Uncaught Error: Call to undefined method Woo_Lifecycle_Manager::run() in /Users/danielsnell/Local Sites/projects/clean-theme/app/public/wp-content/plugins/lifecycle/woo-lifecycle-manager.php:54
Stack trace:
#0 /Users/danielsnell/Local Sites/projects/clean-theme/app/public/wp-content/plugins/lifecycle/woo-lifecycle-manager.php(56): run_woo_lifecycle_manager()
#1 /Users/danielsnell/Local Sites/projects/clean-theme/app/public/wp-settings.php(526): include_once('/Users/danielsn...')
#2 /Users/danielsnell/Local Sites/projects/clean-theme/app/public/wp-config.php(103): require_once('/Users/danielsn...')
#3 /Users/danielsnell/Local Sites/projects/clean-theme/app/public/wp-load.php(50): require_once('/Users/danielsn...')
#4 /Users/danielsnell/Local Sites/projects/clean-theme/app/public/wp-admin/admin-ajax.php(22): require_once('/Users/danielsn...')
#5 {main}
  thrown in /Users/danielsnell/Local Sites/projects/clean-theme/app/public/wp-content/plugins/lifecycle/woo-lifecycle-manager.php on line 54
[31-Jan-2025 13:16:30 UTC] PHP Fatal error:  Uncaught Error: Call to undefined method Woo_Lifecycle_Manager::run() in /Users/danielsnell/Local Sites/projects/clean-theme/app/public/wp-content/plugins/lifecycle/woo-lifecycle-manager.php:54
Stack trace:
#0 /Users/danielsnell/Local Sites/projects/clean-theme/app/public/wp-content/plugins/lifecycle/woo-lifecycle-manager.php(56): run_woo_lifecycle_manager()
#1 /Users/danielsnell/Local Sites/projects/clean-theme/app/public/wp-settings.php(526): include_once('/Users/danielsn...')
#2 /Users/danielsnell/Local Sites/projects/clean-theme/app/public/wp-config.php(103): require_once('/Users/danielsn...')
#3 /Users/danielsnell/Local Sites/projects/clean-theme/app/public/wp-load.php(50): require_once('/Users/danielsn...')
#4 /Users/danielsnell/Local Sites/projects/clean-theme/app/public/wp-admin/admin-ajax.php(22): require_once('/Users/danielsn...')
#5 {main}
  thrown in /Users/danielsnell/Local Sites/projects/clean-theme/app/public/wp-content/plugins/lifecycle/woo-lifecycle-manager.php on line 54
[31-Jan-2025 13:16:38 UTC] PHP Fatal error:  Uncaught Error: Call to undefined method Woo_Lifecycle_Manager::run() in /Users/danielsnell/Local Sites/projects/clean-theme/app/public/wp-content/plugins/lifecycle/woo-lifecycle-manager.php:54
Stack trace:
#0 /Users/danielsnell/Local Sites/projects/clean-theme/app/public/wp-content/plugins/lifecycle/woo-lifecycle-manager.php(56): run_woo_lifecycle_manager()
#1 /Users/danielsnell/Local Sites/projects/clean-theme/app/public/wp-settings.php(526): include_once('/Users/danielsn...')
#2 /Users/danielsnell/Local Sites/projects/clean-theme/app/public/wp-config.php(103): require_once('/Users/danielsn...')
#3 /Users/danielsnell/Local Sites/projects/clean-theme/app/public/wp-load.php(50): require_once('/Users/danielsn...')
#4 /Users/danielsnell/Local Sites/projects/clean-theme/app/public/wp-admin/admin.php(34): require_once('/Users/danielsn...')
#5 {main}
  thrown in /Users/danielsnell/Local Sites/projects/clean-theme/app/public/wp-content/plugins/lifecycle/woo-lifecycle-manager.php on line 54
[31-Jan-2025 13:16:38 UTC] PHP Fatal error:  Uncaught Error: Call to undefined method Woo_Lifecycle_Manager::run() in /Users/danielsnell/Local Sites/projects/clean-theme/app/public/wp-content/plugins/lifecycle/woo-lifecycle-manager.php:54
Stack trace:
#0 /Users/danielsnell/Local Sites/projects/clean-theme/app/public/wp-content/plugins/lifecycle/woo-lifecycle-manager.php(56): run_woo_lifecycle_manager()
#1 /Users/danielsnell/Local Sites/projects/clean-theme/app/public/wp-settings.php(526): include_once('/Users/danielsn...')
#2 /Users/danielsnell/Local Sites/projects/clean-theme/app/public/wp-config.php(103): require_once('/Users/danielsn...')
#3 /Users/danielsnell/Local Sites/projects/clean-theme/app/public/wp-load.php(50): require_once('/Users/danielsn...')
#4 /Users/danielsnell/Local Sites/projects/clean-theme/app/public/wp-blog-header.php(13): require_once('/Users/danielsn...')
#5 /Users/danielsnell/Local Sites/projects/clean-theme/app/public/index.php(17): require('/Users/danielsn...')
#6 {main}
  thrown in /Users/danielsnell/Local Sites/projects/clean-theme/app/public/wp-content/plugins/lifecycle/woo-lifecycle-manager.php on line 54
[31-Jan-2025 13:17:07 UTC] PHP Fatal error:  Uncaught Error: Call to undefined method Woo_Lifecycle_Manager::run() in /Users/danielsnell/Local Sites/projects/clean-theme/app/public/wp-content/plugins/lifecycle/woo-lifecycle-manager.php:54
Stack trace:
#0 /Users/danielsnell/Local Sites/projects/clean-theme/app/public/wp-content/plugins/lifecycle/woo-lifecycle-manager.php(56): run_woo_lifecycle_manager()
#1 /Users/danielsnell/Local Sites/projects/clean-theme/app/public/wp-settings.php(526): include_once('/Users/danielsn...')
#2 /Users/danielsnell/Local Sites/projects/clean-theme/app/public/wp-config.php(103): require_once('/Users/danielsn...')
#3 /Users/danielsnell/Local Sites/projects/clean-theme/app/public/wp-load.php(50): require_once('/Users/danielsn...')
#4 /Users/danielsnell/Local Sites/projects/clean-theme/app/public/wp-admin/admin-ajax.php(22): require_once('/Users/danielsn...')
#5 {main}
  thrown in /Users/danielsnell/Local Sites/projects/clean-theme/app/public/wp-content/plugins/lifecycle/woo-lifecycle-manager.php on line 54
[31-Jan-2025 13:18:36 UTC] LifecycleController::getPartial called
[31-Jan-2025 13:18:36 UTC] Data: Array
(
    [partial] => container
    [status] => pending
    [order_id] => 146
)

[31-Jan-2025 13:18:36 UTC] Template path: container-pending.twig
[31-Jan-2025 13:18:37 UTC] Template compiled successfully
[31-Jan-2025 13:18:38 UTC] LifecycleController::getPartial called
[31-Jan-2025 13:18:38 UTC] Data: Array
(
    [action] => get_lifecycle_partial
    [partial] => container
    [status] => wc-pending
    [order_id] => 146
    [nonce] => 840a551953
)

[31-Jan-2025 13:18:38 UTC] Template path: container-pending.twig
[31-Jan-2025 13:18:38 UTC] Template compiled successfully
[31-Jan-2025 13:41:12 UTC] PHP Parse error:  syntax error, unexpected token "<", expecting end of file in /Users/danielsnell/Local Sites/projects/clean-theme/app/public/wp-content/plugins/lifecycle/includes/class-woo-lifecycle-manager.php on line 110
[31-Jan-2025 13:41:14 UTC] PHP Parse error:  syntax error, unexpected token "<", expecting end of file in /Users/danielsnell/Local Sites/projects/clean-theme/app/public/wp-content/plugins/lifecycle/includes/class-woo-lifecycle-manager.php on line 110
[31-Jan-2025 13:41:14 UTC] PHP Parse error:  syntax error, unexpected token "<", expecting end of file in /Users/danielsnell/Local Sites/projects/clean-theme/app/public/wp-content/plugins/lifecycle/includes/class-woo-lifecycle-manager.php on line 110
[31-Jan-2025 13:41:16 UTC] PHP Parse error:  syntax error, unexpected token "<", expecting end of file in /Users/danielsnell/Local Sites/projects/clean-theme/app/public/wp-content/plugins/lifecycle/includes/class-woo-lifecycle-manager.php on line 110
[31-Jan-2025 13:41:36 UTC] LifecycleController::getPartial called
[31-Jan-2025 13:41:36 UTC] Data: Array
(
    [partial] => container
    [status] => pending
    [order_id] => 146
)

[31-Jan-2025 13:41:36 UTC] Template path: container-pending.twig
[31-Jan-2025 13:41:36 UTC] Template compiled successfully
[31-Jan-2025 13:41:37 UTC] LifecycleController::getPartial called
[31-Jan-2025 13:41:37 UTC] Data: Array
(
    [action] => get_lifecycle_partial
    [partial] => container
    [status] => wc-pending
    [order_id] => 146
    [nonce] => 840a551953
)

[31-Jan-2025 13:41:37 UTC] Template path: container-pending.twig
[31-Jan-2025 13:41:37 UTC] Template compiled successfully
[31-Jan-2025 13:41:42 UTC] LifecycleController::updateLifecycle called
[31-Jan-2025 13:41:42 UTC] Data: Array
(
    [action] => update_lifecycle_status
    [status] => wc-pickup-label-carrier
    [order_id] => 146
    [nonce] => 840a551953
)

[31-Jan-2025 13:41:42 UTC] Order status updated to: wc-pickup-label-carrier
[31-Jan-2025 13:41:42 UTC] LifecycleController::getPartial called
[31-Jan-2025 13:41:42 UTC] Data: Array
(
    [action] => update_lifecycle_status
    [status] => wc-pickup-label-carrier
    [order_id] => 146
    [nonce] => 840a551953
    [partial] => container
)

[31-Jan-2025 13:41:42 UTC] Template path: container-pickup-label-carrier.twig
[31-Jan-2025 13:41:42 UTC] Template not found, using fallback
[31-Jan-2025 13:41:42 UTC] Template compiled successfully
[31-Jan-2025 13:41:47 UTC] LifecycleController::updateLifecycle called
[31-Jan-2025 13:41:47 UTC] Data: Array
(
    [action] => update_lifecycle_status
    [status] => wc-shipped-incomplete-order
    [order_id] => 146
    [nonce] => 840a551953
)

[31-Jan-2025 13:41:47 UTC] Order status updated to: wc-shipped-incomplete-order
[31-Jan-2025 13:41:47 UTC] LifecycleController::getPartial called
[31-Jan-2025 13:41:47 UTC] Data: Array
(
    [action] => update_lifecycle_status
    [status] => wc-shipped-incomplete-order
    [order_id] => 146
    [nonce] => 840a551953
    [partial] => container
)

[31-Jan-2025 13:41:47 UTC] Template path: container-shipped-incomplete-order.twig
[31-Jan-2025 13:41:47 UTC] Template not found, using fallback
[31-Jan-2025 13:41:47 UTC] Template compiled successfully
